Updating Repository
Stopping running service
Disabling service
Removed "/etc/systemd/system/multi-user.target.wants/bulletTime.service".
Pulling latest production build from GitHub
Saved working directory and index state WIP on BULLET-58-Update-Function-Fix: e9afcdb Exited program once update started
Dropped refs/stash@{0} (58e7a4d57a78b3e984e0e0cd378cca802b306712)
Switched to branch 'production'
Your branch is behind 'origin/production' by 4 commits, and can be fast-forwarded.
  (use "git pull" to update your local branch)
Updating 4c2654f..ebb0ba3
Fast-forward
 install.sh |  0
 main.py    | 14 ++++++++++++++
 2 files changed, 14 insertions(+)
 mode change 100644 => 100755 install.sh
 mode change 100644 => 100755 main.py
Running install script

==================== Installing Python ====================
Reading package lists...
Building dependency tree...
Reading state information...
python3 is already the newest version (3.11.2-1+b1).
python3-pip is already the newest version (23.0.1+dfsg-1+rpt1).
0 upgraded, 0 newly installed, 0 to remove and 5 not upgraded.

================= Installing Dependencies =================
Reading package lists...
Building dependency tree...
Reading state information...
python3-socketio is already the newest version (5.7.2-2).
python3-aiohttp is already the newest version (3.8.4-1).
python3-picamera2 is already the newest version (0.3.16-1).
0 upgraded, 0 newly installed, 0 to remove and 5 not upgraded.

==================== Enabling Service =====================
Created symlink /etc/systemd/system/multi-user.target.wants/bulletTime.service → /lib/systemd/system/bulletTime.service.
● bulletTime.service - Bullet-Time Node Server
     Loaded: loaded (/lib/systemd/system/bulletTime.service; enabled; preset: enabled)
     Active: active (running) since Thu 2024-01-04 23:05:28 GMT; 26ms ago
   Main PID: 1682 (python3)
      Tasks: 1 (limit: 3919)
        CPU: 19ms
     CGroup: /system.slice/bulletTime.service
             └─1682 /usr/bin/python3 /etc/btns/main.py

Jan 04 23:05:28 btns-node-101 systemd[1]: Started bulletTime.service - Bullet-Time Node Server.

WARNING: apt does not have a stable CLI interface. Use with caution in scripts.

Reading package lists...
Building dependency tree...
Reading state information...
0 upgraded, 0 newly installed, 0 to remove and 5 not upgraded.
Setting Permissions
