Updating Repository
Stopping running service
Disabling service
Pulling latest production build from GitHub
No local changes to save
Updating 8e4321e..37e91c2
Fast-forward
 main.py | 2 +-
 1 file changed, 1 insertion(+), 1 deletion(-)
Running install script

==================== Installing Python ====================
Reading package lists...
Building dependency tree...
Reading state information...
python3 is already the newest version (3.11.2-1+b1).
python3-pip is already the newest version (23.0.1+dfsg-1+rpt1).
0 upgraded, 0 newly installed, 0 to remove and 5 not upgraded.

================= Installing Dependencies =================
Reading package lists...
Building dependency tree...
Reading state information...
python3-socketio is already the newest version (5.7.2-2).
python3-aiohttp is already the newest version (3.8.4-1).
python3-picamera2 is already the newest version (0.3.16-1).
0 upgraded, 0 newly installed, 0 to remove and 5 not upgraded.

==================== Enabling Service =====================
● bulletTime.service - Bullet-Time Node Server
     Loaded: loaded (/lib/systemd/system/bulletTime.service; enabled; preset: enabled)
     Active: active (running) since Thu 2023-12-21 14:39:04 GMT; 25ms ago
   Main PID: 3474 (python3)
      Tasks: 1 (limit: 3919)
        CPU: 17ms
     CGroup: /system.slice/bulletTime.service
             └─3474 /usr/bin/python3 /etc/btns/main.py

Dec 21 14:39:04 btns-node-101 systemd[1]: Started bulletTime.service - Bullet-Time Node Server.
Reading package lists...
Building dependency tree...
Reading state information...
0 upgraded, 0 newly installed, 0 to remove and 5 not upgraded.
Setting Permissions
